<?xml version="1.0" encoding="UTF-8"?>
<robot generator="Robot 3.2.1 (Python 3.8.4 on darwin)" generated="20200717 15:00:46.706" rpa="false">
<suite id="s1" name="smokeTest" source="/Users/NehaBisht/Documents/Brijendra_Home/lab/appium-robotframework/smokeTest.txt">
<test id="s1-t1" name="App_Test_1">
<kw name="Open Application" library="AppiumLibrary">
<doc>Opens a new application to given Appium server.
Capabilities of appium server, Android and iOS,
Please check https://github.com/appium/appium/blob/master/docs/en/writing-running-appium/server-args.md
| *Option*            | *Man.* | *Description*     |
| remote_url          | Yes    | Appium server url |
| alias               | no     | alias             |</doc>
<arguments>
<arg>${appium_host}</arg>
<arg>platformName=${platform_name}</arg>
<arg>deviceName=${device_name}</arg>
<arg>app=${app}</arg>
<arg>udid=${udid}</arg>
<arg>platformVersion=${platform_version}</arg>
</arguments>
<status status="PASS" starttime="20200717 15:00:47.771" endtime="20200717 15:01:59.394"></status>
</kw>
<kw name="Sleep" library="BuiltIn">
<doc>Pauses the test executed for the given time.</doc>
<arguments>
<arg>2</arg>
</arguments>
<msg timestamp="20200717 15:02:01.411" level="INFO">Slept 2 seconds</msg>
<status status="PASS" starttime="20200717 15:01:59.401" endtime="20200717 15:02:01.412"></status>
</kw>
<kw name="Swipe" library="AppiumLibrary">
<doc>Swipe from one point to another point, for an optional duration.</doc>
<arguments>
<arg>${startx}</arg>
<arg>${starty}</arg>
<arg>${endX}</arg>
<arg>${endY}</arg>
</arguments>
<status status="PASS" starttime="20200717 15:02:01.412" endtime="20200717 15:02:02.752"></status>
</kw>
<kw name="Sleep" library="BuiltIn">
<doc>Pauses the test executed for the given time.</doc>
<arguments>
<arg>2</arg>
</arguments>
<msg timestamp="20200717 15:02:04.754" level="INFO">Slept 2 seconds</msg>
<status status="PASS" starttime="20200717 15:02:02.753" endtime="20200717 15:02:04.755"></status>
</kw>
<kw name="Click Text" library="AppiumLibrary">
<doc>Click text identified by ``text``.</doc>
<arguments>
<arg>General</arg>
</arguments>
<status status="PASS" starttime="20200717 15:02:04.756" endtime="20200717 15:02:06.395"></status>
</kw>
<kw name="Sleep" library="BuiltIn">
<doc>Pauses the test executed for the given time.</doc>
<arguments>
<arg>2</arg>
</arguments>
<msg timestamp="20200717 15:02:08.397" level="INFO">Slept 2 seconds</msg>
<status status="PASS" starttime="20200717 15:02:06.395" endtime="20200717 15:02:08.397"></status>
</kw>
<kw name="Capture Page Screenshot" library="AppiumLibrary">
<doc>Takes a screenshot of the current page and embeds it into the log.</doc>
<msg timestamp="20200717 15:02:08.592" level="INFO" html="yes">&lt;/td&gt;&lt;/tr&gt;&lt;tr&gt;&lt;td colspan="3"&gt;&lt;a href="appium-screenshot-1.png"&gt;&lt;img src="appium-screenshot-1.png" width="800px"&gt;&lt;/a&gt;</msg>
<status status="PASS" starttime="20200717 15:02:08.398" endtime="20200717 15:02:08.592"></status>
</kw>
<kw name="Close Application" library="AppiumLibrary" type="teardown">
<doc>Closes the current application and also close webdriver session.</doc>
<status status="PASS" starttime="20200717 15:02:08.593" endtime="20200717 15:02:09.650"></status>
</kw>
<doc>Test Case to understand robotFramework with appium</doc>
<status status="PASS" starttime="20200717 15:00:47.769" endtime="20200717 15:02:09.650" critical="yes"></status>
</test>
<status status="PASS" starttime="20200717 15:00:46.714" endtime="20200717 15:02:09.654"></status>
</suite>
<statistics>
<total>
<stat pass="1" fail="0">Critical Tests</stat>
<stat pass="1" fail="0">All Tests</stat>
</total>
<tag>
</tag>
<suite>
<stat pass="1" fail="0" id="s1" name="smokeTest">smokeTest</stat>
</suite>
</statistics>
<errors>
</errors>
</robot>
